<?xml version="1.0" encoding="UTF-8"?>
<!-- Generated by org.testng.reporters.JUnitReportReporter -->
<testsuite skipped="0" hostname="DESKTOP-SU4D5DJ" name="TestNGSessions.TestNGBasic" tests="2" failures="0" timestamp="06 Feb 2018 01:45:48 GMT" time="13.157" errors="0">
  <testcase name="verifyPageTitleTest" time="6.938" classname="TestNGSessions.TestNGBasic"/>
  <testcase name="veryfyFreeCRMLogoTest" time="6.219" classname="TestNGSessions.TestNGBasic"/>
</testsuite> <!-- TestNGSessions.TestNGBasic -->
